<?xml version="1.0" encoding="UTF-8"?>
<testsuite xmlns:xsi="http://www.w3.org/2001/XMLSchema-instance" xsi:noNamespaceSchemaLocation="https://maven.apache.org/surefire/maven-surefire-plugin/xsd/surefire-test-report-3.0.xsd" version="3.0" name="com.taskmanager.service.CategoryServiceTest" time="0.52" tests="10" errors="0" skipped="0" failures="0">
  <properties>
    <property name="java.specification.version" value="24"/>
    <property name="sun.cpu.isalist" value="amd64"/>
    <property name="sun.jnu.encoding" value="GBK"/>
    <property name="java.class.path" value="E:\Desktop\Java大作业\src\target\test-classes;E:\Desktop\Java大作业\src\target\classes;C:\Users\张三\.m2\repository\javax\servlet\javax.servlet-api\4.0.1\javax.servlet-api-4.0.1.jar;C:\Users\张三\.m2\repository\javax\servlet\jsp\javax.servlet.jsp-api\2.3.3\javax.servlet.jsp-api-2.3.3.jar;C:\Users\张三\.m2\repository\javax\servlet\jstl\1.2\jstl-1.2.jar;C:\Users\张三\.m2\repository\mysql\mysql-connector-java\8.0.27\mysql-connector-java-8.0.27.jar;C:\Users\张三\.m2\repository\com\google\protobuf\protobuf-java\3.11.4\protobuf-java-3.11.4.jar;C:\Users\张三\.m2\repository\org\apache\commons\commons-dbcp2\2.9.0\commons-dbcp2-2.9.0.jar;C:\Users\张三\.m2\repository\org\apache\commons\commons-pool2\2.10.0\commons-pool2-2.10.0.jar;C:\Users\张三\.m2\repository\commons-logging\commons-logging\1.2\commons-logging-1.2.jar;C:\Users\张三\.m2\repository\org\apache\commons\commons-lang3\3.12.0\commons-lang3-3.12.0.jar;C:\Users\张三\.m2\repository\com\google\code\gson\gson\2.10.1\gson-2.10.1.jar;C:\Users\张三\.m2\repository\junit\junit\4.13.2\junit-4.13.2.jar;C:\Users\张三\.m2\repository\org\hamcrest\hamcrest-core\1.3\hamcrest-core-1.3.jar;C:\Users\张三\.m2\repository\org\mockito\mockito-core\4.8.0\mockito-core-4.8.0.jar;C:\Users\张三\.m2\repository\net\bytebuddy\byte-buddy\1.12.14\byte-buddy-1.12.14.jar;C:\Users\张三\.m2\repository\net\bytebuddy\byte-buddy-agent\1.12.14\byte-buddy-agent-1.12.14.jar;C:\Users\张三\.m2\repository\org\objenesis\objenesis\3.2\objenesis-3.2.jar;"/>
    <property name="java.vm.vendor" value="Oracle Corporation"/>
    <property name="sun.arch.data.model" value="64"/>
    <property name="user.variant" value=""/>
    <property name="java.vendor.url" value="https://java.oracle.com/"/>
    <property name="user.timezone" value="Asia/Shanghai"/>
    <property name="os.name" value="Windows 11"/>
    <property name="java.vm.specification.version" value="24"/>
    <property name="sun.java.launcher" value="SUN_STANDARD"/>
    <property name="user.country" value="CN"/>
    <property name="sun.boot.library.path" value="C:\Users\张三\.jdks\openjdk-24\bin"/>
    <property name="sun.java.command" value="C:\Users\张三\AppData\Local\Temp\surefire11844685090292707802\surefirebooter-20250512190204302_3.jar C:\Users\张三\AppData\Local\Temp\surefire11844685090292707802 2025-05-12T19-02-02_594-jvmRun1 surefire-20250512190204302_1tmp surefire_0-20250512190204302_2tmp"/>
    <property name="jdk.debug" value="release"/>
    <property name="surefire.test.class.path" value="E:\Desktop\Java大作业\src\target\test-classes;E:\Desktop\Java大作业\src\target\classes;C:\Users\张三\.m2\repository\javax\servlet\javax.servlet-api\4.0.1\javax.servlet-api-4.0.1.jar;C:\Users\张三\.m2\repository\javax\servlet\jsp\javax.servlet.jsp-api\2.3.3\javax.servlet.jsp-api-2.3.3.jar;C:\Users\张三\.m2\repository\javax\servlet\jstl\1.2\jstl-1.2.jar;C:\Users\张三\.m2\repository\mysql\mysql-connector-java\8.0.27\mysql-connector-java-8.0.27.jar;C:\Users\张三\.m2\repository\com\google\protobuf\protobuf-java\3.11.4\protobuf-java-3.11.4.jar;C:\Users\张三\.m2\repository\org\apache\commons\commons-dbcp2\2.9.0\commons-dbcp2-2.9.0.jar;C:\Users\张三\.m2\repository\org\apache\commons\commons-pool2\2.10.0\commons-pool2-2.10.0.jar;C:\Users\张三\.m2\repository\commons-logging\commons-logging\1.2\commons-logging-1.2.jar;C:\Users\张三\.m2\repository\org\apache\commons\commons-lang3\3.12.0\commons-lang3-3.12.0.jar;C:\Users\张三\.m2\repository\com\google\code\gson\gson\2.10.1\gson-2.10.1.jar;C:\Users\张三\.m2\repository\junit\junit\4.13.2\junit-4.13.2.jar;C:\Users\张三\.m2\repository\org\hamcrest\hamcrest-core\1.3\hamcrest-core-1.3.jar;C:\Users\张三\.m2\repository\org\mockito\mockito-core\4.8.0\mockito-core-4.8.0.jar;C:\Users\张三\.m2\repository\net\bytebuddy\byte-buddy\1.12.14\byte-buddy-1.12.14.jar;C:\Users\张三\.m2\repository\net\bytebuddy\byte-buddy-agent\1.12.14\byte-buddy-agent-1.12.14.jar;C:\Users\张三\.m2\repository\org\objenesis\objenesis\3.2\objenesis-3.2.jar;"/>
    <property name="sun.cpu.endian" value="little"/>
    <property name="user.home" value="C:\Users\张三"/>
    <property name="user.language" value="zh"/>
    <property name="java.specification.vendor" value="Oracle Corporation"/>
    <property name="java.version.date" value="2025-03-18"/>
    <property name="java.home" value="C:\Users\张三\.jdks\openjdk-24"/>
    <property name="file.separator" value="\"/>
    <property name="basedir" value="E:\Desktop\Java大作业\src"/>
    <property name="java.vm.compressedOopsMode" value="Zero based"/>
    <property name="line.separator" value="&#10;"/>
    <property name="java.vm.specification.vendor" value="Oracle Corporation"/>
    <property name="java.specification.name" value="Java Platform API Specification"/>
    <property name="surefire.real.class.path" value="C:\Users\张三\AppData\Local\Temp\surefire11844685090292707802\surefirebooter-20250512190204302_3.jar"/>
    <property name="user.script" value=""/>
    <property name="sun.management.compiler" value="HotSpot 64-Bit Tiered Compilers"/>
    <property name="java.runtime.version" value="24+36-3646"/>
    <property name="user.name" value="张三"/>
    <property name="stdout.encoding" value="GBK"/>
    <property name="path.separator" value=";"/>
    <property name="os.version" value="10.0"/>
    <property name="java.runtime.name" value="OpenJDK Runtime Environment"/>
    <property name="file.encoding" value="UTF-8"/>
    <property name="java.vm.name" value="OpenJDK 64-Bit Server VM"/>
    <property name="localRepository" value="C:\Users\张三\.m2\repository"/>
    <property name="java.vendor.url.bug" value="https://bugreport.java.com/bugreport/"/>
    <property name="java.io.tmpdir" value="C:\Users\张三\AppData\Local\Temp\"/>
    <property name="idea.version" value="2024.3.4.1"/>
    <property name="java.version" value="24"/>
    <property name="user.dir" value="E:\Desktop\Java大作业\src"/>
    <property name="os.arch" value="amd64"/>
    <property name="java.vm.specification.name" value="Java Virtual Machine Specification"/>
    <property name="sun.os.patch.level" value=""/>
    <property name="native.encoding" value="GBK"/>
    <property name="java.library.path" value="C:\Users\张三\.jdks\openjdk-24\bin;C:\Windows\Sun\Java\bin;C:\Windows\system32;C:\Windows;D:\VMWare\bin\;C:\Program Files\Common Files\Oracle\Java\javapath;C:\Windows\system32;C:\Windows;C:\Windows\System32\Wbem;C:\Windows\System32\WindowsPowerShell\v1.0\;C:\Windows\System32\OpenSSH\;C:\Program Files (x86)\NVIDIA Corporation\PhysX\Common;C:\Program Files\dotnet\;C:\Program Files (x86)\Windows Kits\10\Windows Performance Toolkit\;D:\develop\Git\Git\cmd;C:\Program Files\NVIDIA Corporation\NVIDIA app\NvDLISR;D:\develop\anaconda3\Library\bin;D:\develop\anaconda3;D:\develop\anaconda3\Scripts;D:\develop\MinGW\mingw64\bin;D:\develop\CMake\cmake-4.0.0-rc4-windows-x86_64\bin;C:\Program Files (x86)\ZeroTier\One\;C:\Program Files\NVIDIA GPU Computing Toolkit\CUDA\v11.8\extras\CUPTI\lib64;D:\develop\Visual Studio\2022\VC\Tools\MSVC\14.43.34808\bin\Hostx64\x64;C:\Program Files\NVIDIA GPU Computing Toolkit\CUDA\v12.6\extras\CUPTI\lib64;C:\Program Files\NVIDIA Corporation\Nsight Compute 2025.1.1\;C:\Program Files\NVIDIA GPU Computing Toolkit\CUDA\v12.8\extras\CUPTI\lib64;C:\Program Files\HDF_Group\HDF5\1.14.6\bin\;C:\Program Files\HDF_Group\HDF5\1.14.6\bin;D:\develop\vcpkg\vcpkg;D:\develop\vcpkg\vcpkg;C:\Program Files\Docker\Docker\resources\bin;D:\develop\nodejs\;D:\develop\vcpkg\vcpkg\installed\x64-windows\bin;D:\develop\MySQL\MySQL Server 8.0\bin;D:\develop\Maven\apache-maven-3.9.9\bin;D:\develop\MySQL\MySQL Shell 8.0\bin\;C:\Users\张三\AppData\Local\Microsoft\WindowsApps;;D:\develop\Pycharm\2024.3.4\PyCharm 2024.3.4\bin;;D:\develop\IntelliJ IDEA\2024.3.4.1\IntelliJ IDEA 2024.3.4.1\bin;;D:\develop\VS Code\Microsoft VS Code\bin;C:\Users\张三\AppData\Roaming\npm;D:\cursor\cursor\resources\app\bin;."/>
    <property name="java.vm.info" value="mixed mode, sharing"/>
    <property name="stderr.encoding" value="GBK"/>
    <property name="java.vendor" value="Oracle Corporation"/>
    <property name="java.vm.version" value="24+36-3646"/>
    <property name="sun.io.unicode.encoding" value="UnicodeLittle"/>
    <property name="java.class.version" value="68.0"/>
  </properties>
  <testcase name="testGetCategoryById_Success" classname="com.taskmanager.service.CategoryServiceTest" time="0.442"/>
  <testcase name="testCreateCategory_DuplicateName" classname="com.taskmanager.service.CategoryServiceTest" time="0.003"/>
  <testcase name="testIsCategoryNameExists_True" classname="com.taskmanager.service.CategoryServiceTest" time="0.001"/>
  <testcase name="testIsCategoryBelongsToUser_False" classname="com.taskmanager.service.CategoryServiceTest" time="0.0"/>
  <testcase name="testIsCategoryBelongsToUser_True" classname="com.taskmanager.service.CategoryServiceTest" time="0.001"/>
  <testcase name="testDeleteCategory_Success" classname="com.taskmanager.service.CategoryServiceTest" time="0.002"/>
  <testcase name="testUpdateCategory_Success" classname="com.taskmanager.service.CategoryServiceTest" time="0.001"/>
  <testcase name="testIsCategoryNameExists_False" classname="com.taskmanager.service.CategoryServiceTest" time="0.001"/>
  <testcase name="testGetUserCategories_Success" classname="com.taskmanager.service.CategoryServiceTest" time="0.0"/>
  <testcase name="testCreateCategory_Success" classname="com.taskmanager.service.CategoryServiceTest" time="0.001"/>
</testsuite>